<?xml version="1.0" encoding="UTF-8"?>
<testng-results ignored="0" total="1" passed="1" failed="0" skipped="0">
  <reporter-output>
  </reporter-output>
  <suite started-at="2023-05-22T19:43:53 IST" name="Suite" finished-at="2023-05-22T19:44:36 IST" duration-ms="43501">
    <groups>
    </groups>
    <test started-at="2023-05-22T19:43:53 IST" name="Test" finished-at="2023-05-22T19:44:36 IST" duration-ms="43501">
      <class name="base.test">
        <test-method signature="firstTest()[pri:0, instance:base.test@7133da86]" started-at="2023-05-22T19:43:53 IST" name="firstTest" finished-at="2023-05-22T19:44:36 IST" duration-ms="43473" status="PASS">
          <reporter-output>
          </reporter-output>
        </test-method> <!-- firstTest -->
      </class> <!-- base.test -->
    </test> <!-- Test -->
  </suite> <!-- Suite -->
</testng-results>
