<?xml version="1.0" encoding="UTF-8"?>
<testng-results ignored="0" total="1" passed="1" failed="0" skipped="0">
  <reporter-output>
  </reporter-output>
  <suite started-at="2023-05-23T20:09:54 IST" name="Suite" finished-at="2023-05-23T20:10:47 IST" duration-ms="53455">
    <groups>
    </groups>
    <test started-at="2023-05-23T20:09:54 IST" name="Test" finished-at="2023-05-23T20:10:47 IST" duration-ms="53455">
      <class name="base.test">
        <test-method is-config="true" signature="startContainer()[pri:0, instance:base.test@12aba8be]" started-at="2023-05-23T20:09:44 IST" name="startContainer" finished-at="2023-05-23T20:09:54 IST" duration-ms="10024" status="PASS">
          <reporter-output>
          </reporter-output>
        </test-method> <!-- startContainer -->
        <test-method signature="firstTest()[pri:1, instance:base.test@12aba8be]" started-at="2023-05-23T20:09:54 IST" name="firstTest" finished-at="2023-05-23T20:10:47 IST" duration-ms="53414" status="PASS">
          <reporter-output>
          </reporter-output>
        </test-method> <!-- firstTest -->
        <test-method is-config="true" signature="stopContainer()[pri:0, instance:base.test@12aba8be]" started-at="2023-05-23T20:10:48 IST" name="stopContainer" finished-at="2023-05-23T20:10:58 IST" duration-ms="10020" status="PASS">
          <reporter-output>
          </reporter-output>
        </test-method> <!-- stopContainer -->
      </class> <!-- base.test -->
    </test> <!-- Test -->
  </suite> <!-- Suite -->
</testng-results>
